<?xml version="1.0" encoding="UTF-8"?>
<testsuite xmlns:xsi="http://www.w3.org/2001/XMLSchema-instance" xsi:noNamespaceSchemaLocation="https://maven.apache.org/surefire/maven-surefire-plugin/xsd/surefire-test-report-3.0.xsd" version="3.0" name="com.hivemem.mcp.McpControllerTest" time="1.633" tests="6" errors="0" skipped="0" failures="0">
  <properties>
[...]
</properties>
  <testcase name="postMcpToolsCallWithoutRequiredArgumentsReturnsInvalidParams" classname="com.hivemem.mcp.McpControllerTest" time="0.3">
    <system-out><![CDATA[21:33:59.116 [main] INFO org.springframework.mock.web.MockServletContext -- Initializing Spring TestDispatcherServlet ''
21:33:59.119 [main] INFO org.springframework.test.web.servlet.TestDispatcherServlet -- Initializing Servlet ''
21:33:59.123 [main] INFO org.springframework.test.web.servlet.TestDispatcherServlet -- Completed initialization in 1 ms
]]></system-out>
  </testcase>
  <testcase name="postMcpToolsCallWithBlankToolNameReturnsInvalidParams" classname="com.hivemem.mcp.McpControllerTest" time="0.007">
    <system-out><![CDATA[21:33:59.392 [main] INFO org.springframework.mock.web.MockServletContext -- Initializing Spring TestDispatcherServlet ''
21:33:59.392 [main] INFO org.springframework.test.web.servlet.TestDispatcherServlet -- Initializing Servlet ''
21:33:59.393 [main] INFO org.springframework.test.web.servlet.TestDispatcherServlet -- Completed initialization in 1 ms
]]></system-out>
  </testcase>
  <testcase name="postMcpToolsCallReturnsStructuredJsonContent" classname="com.hivemem.mcp.McpControllerTest" time="0.012">
    <system-out><![CDATA[21:33:59.400 [main] INFO org.springframework.mock.web.MockServletContext -- Initializing Spring TestDispatcherServlet ''
21:33:59.400 [main] INFO org.springframework.test.web.servlet.TestDispatcherServlet -- Initializing Servlet ''
21:33:59.401 [main] INFO org.springframework.test.web.servlet.TestDispatcherServlet -- Completed initialization in 0 ms
]]></system-out>
  </testcase>
  <testcase name="postMcpToolsListReturnsVisibleToolsForAuthenticatedPrincipal" classname="com.hivemem.mcp.McpControllerTest" time="0.017">
    <system-out><![CDATA[21:33:59.415 [main] INFO org.springframework.mock.web.MockServletContext -- Initializing Spring TestDispatcherServlet ''
21:33:59.415 [main] INFO org.springframework.test.web.servlet.TestDispatcherServlet -- Initializing Servlet ''
21:33:59.416 [main] INFO org.springframework.test.web.servlet.TestDispatcherServlet -- Completed initialization in 1 ms
]]></system-out>
  </testcase>
  <testcase name="postMcpWithUnknownMethodReturnsMethodNotFoundError" classname="com.hivemem.mcp.McpControllerTest" time="0.007">
    <system-out><![CDATA[21:33:59.435 [main] INFO org.springframework.mock.web.MockServletContext -- Initializing Spring TestDispatcherServlet ''
21:33:59.435 [main] INFO org.springframework.test.web.servlet.TestDispatcherServlet -- Initializing Servlet ''
21:33:59.436 [main] INFO org.springframework.test.web.servlet.TestDispatcherServlet -- Completed initialization in 1 ms
]]></system-out>
  </testcase>
  <testcase name="postMcpToolsCallWithoutPermissionReturnsForbiddenError" classname="com.hivemem.mcp.McpControllerTest" time="0.009">
    <system-out><![CDATA[21:33:59.445 [main] INFO org.springframework.mock.web.MockServletContext -- Initializing Spring TestDispatcherServlet ''
21:33:59.445 [main] INFO org.springframework.test.web.servlet.TestDispatcherServlet -- Initializing Servlet ''
21:33:59.446 [main] INFO org.springframework.test.web.servlet.TestDispatcherServlet -- Completed initialization in 1 ms
]]></system-out>
  </testcase>
</testsuite>