<?xml version="1.0" encoding="UTF-8"?>
<testsuite xmlns:xsi="http://www.w3.org/2001/XMLSchema-instance" xsi:noNamespaceSchemaLocation="https://maven.apache.org/surefire/maven-surefire-plugin/xsd/surefire-test-report-3.0.xsd" version="3.0" name="com.hivemem.tools.read.ReadToolIntegrationTest" time="11.605" tests="20" errors="0" skipped="0" failures="0">
  <properties>
[...]
</properties>
  <testcase name="searchKgToolReturnsCommittedFactsOnly" classname="com.hivemem.tools.read.ReadToolIntegrationTest" time="1.276">
    <system-out><![CDATA[08:13:36.649 [main] INFO org.springframework.boot.test.context.SpringBootTestContextBootstrapper -- Found @SpringBootConfiguration com.hivemem.HiveMemApplication for test class com.hivemem.tools.read.ReadToolIntegrationTest
08:13:36.844 [main] INFO org.testcontainers.images.PullPolicy -- Image pull policy will be performed by: DefaultPullPolicy()
08:13:36.850 [main] INFO org.testcontainers.utility.ImageNameSubstitutor -- Image name substitution will be performed by: DefaultImageNameSubstitutor (composite of 'ConfigurationFileImageNameSubstitutor' and 'PrefixingImageNameSubstitutor')
08:13:37.143 [main] INFO org.testcontainers.dockerclient.DockerClientProviderStrategy -- Loaded org.testcontainers.dockerclient.UnixSocketClientProviderStrategy from ~/.testcontainers.properties, will try it first
08:13:37.631 [main] INFO org.testcontainers.dockerclient.DockerClientProviderStrategy -- Found Docker environment with local Unix socket (unix:///var/run/docker.sock)
08:13:37.633 [main] INFO org.testcontainers.DockerClientFactory -- Docker host IP address is localhost
08:13:37.662 [main] INFO org.testcontainers.DockerClientFactory -- Connected to docker: 
  Server Version: 26.1.5+dfsg1
  API Version: 1.45
  Operating System: Debian GNU/Linux 13 (trixie)
  Total Memory: 15899 MB
08:13:37.690 [main] INFO tc.testcontainers/ryuk:0.7.0 -- Creating container for image: testcontainers/ryuk:0.7.0
08:13:37.697 [main] INFO org.testcontainers.utility.RegistryAuthLocator -- Failure when attempting to lookup auth config. Please ignore if you don't have images in an authenticated registry. Details: (dockerImageName: testcontainers/ryuk:0.7.0, configFile: /root/.docker/config.json, configEnv: DOCKER_AUTH_CONFIG). Falling back to docker-java default behaviour. Exception message: Status 404: No config supplied. Checked in order: /root/.docker/config.json (file not found), DOCKER_AUTH_CONFIG (not set)
08:13:37.954 [main] INFO tc.testcontainers/ryuk:0.7.0 -- Container testcontainers/ryuk:0.7.0 is starting: 24b89d36ab89899f7a6633e5eac21342a62039240301674830ef215a9c67ce5c
08:13:38.450 [main] INFO tc.testcontainers/ryuk:0.7.0 -- Container testcontainers/ryuk:0.7.0 started in PT0.75907271S
08:13:38.456 [main] INFO org.testcontainers.utility.RyukResourceReaper -- Ryuk started - will monitor and terminate Testcontainers containers on JVM exit
08:13:38.456 [main] INFO org.testcontainers.DockerClientFactory -- Checking the system...
08:13:38.457 [main] INFO org.testcontainers.DockerClientFactory -- ✔︎ Docker server version should be at least 1.6.0
08:13:38.458 [main] INFO tc.postgres:16 -- Creating container for image: postgres:16
08:13:38.605 [main] INFO tc.postgres:16 -- Container postgres:16 is starting: 8150092af0bb703ac9c5ff4ff78af563d9f0a122decd1737f6e3316b5501310b
08:13:40.465 [main] INFO tc.postgres:16 -- Container postgres:16 started in PT2.00670377S
08:13:40.466 [main] INFO tc.postgres:16 -- Container is started (JDBC URL: jdbc:postgresql://localhost:32950/hivemem?loggerLevel=OFF)

  .   ____          _            __ _ _
 /\\ / ___'_ __ _ _(_)_ __  __ _ \ \ \ \
( ( )\___ | '_ | '_| | '_ \/ _` | \ \ \ \
 \\/  ___)| |_)| | | | | || (_| |  ) ) ) )
  '  |____| .__|_| |_|_| |_\__, | / / / /
 =========|_|==============|___/=/_/_/_/

 :: Spring Boot ::                (v3.3.5)

2026-04-13T08:13:40.938+02:00  INFO 1432308 --- [hivemem-java] [           main] c.h.tools.read.ReadToolIntegrationTest   : Starting ReadToolIntegrationTest using Java 21.0.10 with PID 1432308 (started by root in /root/mempalace/java-server)
2026-04-13T08:13:40.941+02:00  INFO 1432308 --- [hivemem-java] [           main] c.h.tools.read.ReadToolIntegrationTest   : The following 1 profile is active: "test"
2026-04-13T08:13:42.595+02:00  INFO 1432308 --- [hivemem-java] [           main] com.zaxxer.hikari.HikariDataSource       : HikariPool-1 - Starting...
2026-04-13T08:13:42.823+02:00  INFO 1432308 --- [hivemem-java] [           main] com.zaxxer.hikari.pool.HikariPool        : HikariPool-1 - Added connection org.postgresql.jdbc.PgConnection@24405466
2026-04-13T08:13:42.825+02:00  INFO 1432308 --- [hivemem-java] [           main] com.zaxxer.hikari.HikariDataSource       : HikariPool-1 - Start completed.
2026-04-13T08:13:42.876+02:00  INFO 1432308 --- [hivemem-java] [           main] org.flywaydb.core.FlywayExecutor         : Database: jdbc:postgresql://localhost:32950/hivemem (PostgreSQL 16.13)
2026-04-13T08:13:42.930+02:00  INFO 1432308 --- [hivemem-java] [           main] o.f.c.i.s.JdbcTableSchemaHistory         : Schema history table "public"."flyway_schema_history" does not exist yet
2026-04-13T08:13:42.934+02:00  INFO 1432308 --- [hivemem-java] [           main] o.f.core.internal.command.DbValidate     : Successfully validated 4 migrations (execution time 00:00.025s)
2026-04-13T08:13:42.957+02:00  INFO 1432308 --- [hivemem-java] [           main] o.f.c.i.s.JdbcTableSchemaHistory         : Creating Schema History table "public"."flyway_schema_history" ...
2026-04-13T08:13:43.013+02:00  INFO 1432308 --- [hivemem-java] [           main] o.f.core.internal.command.DbMigrate      : Current version of schema "public": << Empty Schema >>
2026-04-13T08:13:43.029+02:00  INFO 1432308 --- [hivemem-java] [           main] o.f.core.internal.command.DbMigrate      : Migrating schema "public" to version "0001 - baseline"
2026-04-13T08:13:43.080+02:00  INFO 1432308 --- [hivemem-java] [           main] o.f.core.internal.command.DbMigrate      : Migrating schema "public" to version "0002 - read tool slice"
2026-04-13T08:13:43.125+02:00  INFO 1432308 --- [hivemem-java] [           main] o.f.core.internal.command.DbMigrate      : Migrating schema "public" to version "0003 - read tool remaining"
2026-04-13T08:13:43.166+02:00  INFO 1432308 --- [hivemem-java] [           main] o.f.core.internal.command.DbMigrate      : Migrating schema "public" to version "0004 - search and admin"
2026-04-13T08:13:43.195+02:00  INFO 1432308 --- [hivemem-java] [           main] o.f.core.internal.command.DbMigrate      : Successfully applied 4 migrations to schema "public", now at version v0004 (execution time 00:00.071s)
2026-04-13T08:13:45.184+02:00  INFO 1432308 --- [hivemem-java] [           main] o.s.b.t.m.w.SpringBootMockServletContext : Initializing Spring TestDispatcherServlet ''
2026-04-13T08:13:45.185+02:00  INFO 1432308 --- [hivemem-java] [           main] o.s.t.web.servlet.TestDispatcherServlet  : Initializing Servlet ''
2026-04-13T08:13:45.187+02:00  INFO 1432308 --- [hivemem-java] [           main] o.s.t.web.servlet.TestDispatcherServlet  : Completed initialization in 2 ms
2026-04-13T08:13:45.280+02:00  INFO 1432308 --- [hivemem-java] [           main] c.h.tools.read.ReadToolIntegrationTest   : Started ReadToolIntegrationTest in 4.77 seconds (process running for 9.904)
2026-04-13T08:13:46.200+02:00  INFO 1432308 --- [hivemem-java] [           main] org.jooq.Constants                       : 
                                      
@@@@@@@@@@@@@@@@@@@@@@@@@@@@@@@@@@@@@@
@@@@@@@@@@@@@@@@@@@@@@@@@@@@@@@@@@@@@@
@@@@@@@@@@@@@@@@  @@        @@@@@@@@@@
@@@@@@@@@@@@@@@@@@@@        @@@@@@@@@@
@@@@@@@@@@@@@@@@  @@  @@    @@@@@@@@@@
@@@@@@@@@@  @@@@  @@  @@    @@@@@@@@@@
@@@@@@@@@@        @@        @@@@@@@@@@
@@@@@@@@@@@@@@@@@@@@@@@@@@@@@@@@@@@@@@
@@@@@@@@@@@@@@@@@@@@@@@@@@@@@@@@@@@@@@
@@@@@@@@@@        @@        @@@@@@@@@@
@@@@@@@@@@    @@  @@  @@@@  @@@@@@@@@@
@@@@@@@@@@    @@  @@  @@@@  @@@@@@@@@@
@@@@@@@@@@        @@  @  @  @@@@@@@@@@
@@@@@@@@@@        @@        @@@@@@@@@@
@@@@@@@@@@@@@@@@@@@@@@@  @@@@@@@@@@@@@
@@@@@@@@@@@@@@@@@@@@@@@@@@@@@@@@@@@@@@
@@@@@@@@@@@@@@@@@@@@@@@@@@@@@@@@@@@@@@  Thank you for using jOOQ 3.19.14 (Build date: 2024-10-21T06:13:07Z)
                                      
2026-04-13T08:13:46.201+02:00  INFO 1432308 --- [hivemem-java] [           main] org.jooq.Constants                       : 

jOOQ tip of the day: Want to aggregate multiple values per group? Use the synthetic MULTISET_AGG aggregate function! https://www.jooq.org/doc/latest/manual/sql-building/column-expressions/aggregate-functions/multiset-agg-function/

2026-04-13T08:13:46.243+02:00  INFO 1432308 --- [hivemem-java] [           main] o.j.i.D.logVersionSupport                : Version                  : Database version is supported by dialect POSTGRES: 16.13 (Debian 16.13-1.pgdg13+1)
]]></system-out>
    <system-err><![CDATA[WARNING: A Java agent has been loaded dynamically (/root/.m2/repository/net/bytebuddy/byte-buddy-agent/1.14.19/byte-buddy-agent-1.14.19.jar)
WARNING: If a serviceability tool is in use, please run with -XX:+EnableDynamicAgentLoading to hide this warning
WARNING: If a serviceability tool is not in use, please run with -Djdk.instrument.traceUsage for more information
WARNING: Dynamic loading of agents will be disallowed by default in a future release
]]></system-err>
  </testcase>
  <testcase name="diaryReadToolRejectsMissingAgent" classname="com.hivemem.tools.read.ReadToolIntegrationTest" time="0.025"/>
  <testcase name="traverseToolReturnsBidirectionalDepthLimitedEdges" classname="com.hivemem.tools.read.ReadToolIntegrationTest" time="0.067"/>
  <testcase name="pendingApprovalsToolReturnsPendingRowsFromView" classname="com.hivemem.tools.read.ReadToolIntegrationTest" time="0.058"/>
  <testcase name="searchKgToolRejectsInvalidLimit" classname="com.hivemem.tools.read.ReadToolIntegrationTest" time="0.029"/>
  <testcase name="readingListToolReturnsUnreadAndReadingReferencesWithLinkedDrawerCounts" classname="com.hivemem.tools.read.ReadToolIntegrationTest" time="0.095"/>
  <testcase name="quickFactsToolReturnsSubjectAndObjectMatches" classname="com.hivemem.tools.read.ReadToolIntegrationTest" time="0.047"/>
  <testcase name="diaryReadToolRejectsInvalidLimit" classname="com.hivemem.tools.read.ReadToolIntegrationTest" time="0.025"/>
  <testcase name="listWingsToolReturnsWingAndCountStats" classname="com.hivemem.tools.read.ReadToolIntegrationTest" time="0.046"/>
  <testcase name="drawerHistoryToolReturnsOldestVersionFirst" classname="com.hivemem.tools.read.ReadToolIntegrationTest" time="0.036"/>
  <testcase name="readingListToolRejectsInvalidLimit" classname="com.hivemem.tools.read.ReadToolIntegrationTest" time="0.029"/>
  <testcase name="getDrawerToolReturnsStoredDrawerPayload" classname="com.hivemem.tools.read.ReadToolIntegrationTest" time="0.041"/>
  <testcase name="statusToolReturnsCountsAndWingsFromSql" classname="com.hivemem.tools.read.ReadToolIntegrationTest" time="0.047"/>
  <testcase name="listAgentsDiaryReadGetBlueprintAndWakeUpReturnRowsFromSql" classname="com.hivemem.tools.read.ReadToolIntegrationTest" time="0.084"/>
  <testcase name="getDrawerToolReturnsNullWhenDrawerDoesNotExist" classname="com.hivemem.tools.read.ReadToolIntegrationTest" time="0.026"/>
  <testcase name="searchToolReturnsRankedDrawerResults" classname="com.hivemem.tools.read.ReadToolIntegrationTest" time="0.047"/>
  <testcase name="factHistoryToolReturnsOldestVersionFirst" classname="com.hivemem.tools.read.ReadToolIntegrationTest" time="0.025"/>
  <testcase name="toolsListExposesImplementedReadHandlers" classname="com.hivemem.tools.read.ReadToolIntegrationTest" time="0.032"/>
  <testcase name="timeMachineToolReturnsCurrentAndHistoricalSnapshots" classname="com.hivemem.tools.read.ReadToolIntegrationTest" time="0.033"/>
  <testcase name="listHallsToolReturnsHallsForWing" classname="com.hivemem.tools.read.ReadToolIntegrationTest" time="0.036"/>
</testsuite>