<?xml version="1.0" encoding="UTF-8"?>
<testsuite xmlns:xsi="http://www.w3.org/2001/XMLSchema-instance" xsi:noNamespaceSchemaLocation="https://maven.apache.org/surefire/maven-surefire-plugin/xsd/surefire-test-report-3.0.xsd" version="3.0" name="com.hivemem.tools.write.WriteToolsIntegrationTest" time="9.914" tests="21" errors="0" skipped="0" failures="0">
  <properties>
[...]
</properties>
  <testcase name="reviseFactRejectsMissingOrUnknownOldId" classname="com.hivemem.tools.write.WriteToolsIntegrationTest" time="1.145">
    <system-out><![CDATA[08:14:59.573 [main] INFO org.springframework.boot.test.context.SpringBootTestContextBootstrapper -- Found @SpringBootConfiguration com.hivemem.HiveMemApplication for test class com.hivemem.tools.write.WriteToolsIntegrationTest
08:14:59.715 [main] INFO org.testcontainers.images.PullPolicy -- Image pull policy will be performed by: DefaultPullPolicy()
08:14:59.718 [main] INFO org.testcontainers.utility.ImageNameSubstitutor -- Image name substitution will be performed by: DefaultImageNameSubstitutor (composite of 'ConfigurationFileImageNameSubstitutor' and 'PrefixingImageNameSubstitutor')
08:14:59.949 [main] INFO org.testcontainers.dockerclient.DockerClientProviderStrategy -- Loaded org.testcontainers.dockerclient.UnixSocketClientProviderStrategy from ~/.testcontainers.properties, will try it first
08:15:00.274 [main] INFO org.testcontainers.dockerclient.DockerClientProviderStrategy -- Found Docker environment with local Unix socket (unix:///var/run/docker.sock)
08:15:00.275 [main] INFO org.testcontainers.DockerClientFactory -- Docker host IP address is localhost
08:15:00.295 [main] INFO org.testcontainers.DockerClientFactory -- Connected to docker: 
  Server Version: 26.1.5+dfsg1
  API Version: 1.45
  Operating System: Debian GNU/Linux 13 (trixie)
  Total Memory: 15899 MB
08:15:00.321 [main] INFO tc.testcontainers/ryuk:0.7.0 -- Creating container for image: testcontainers/ryuk:0.7.0
08:15:00.325 [main] INFO org.testcontainers.utility.RegistryAuthLocator -- Failure when attempting to lookup auth config. Please ignore if you don't have images in an authenticated registry. Details: (dockerImageName: testcontainers/ryuk:0.7.0, configFile: /root/.docker/config.json, configEnv: DOCKER_AUTH_CONFIG). Falling back to docker-java default behaviour. Exception message: Status 404: No config supplied. Checked in order: /root/.docker/config.json (file not found), DOCKER_AUTH_CONFIG (not set)
08:15:00.550 [main] INFO tc.testcontainers/ryuk:0.7.0 -- Container testcontainers/ryuk:0.7.0 is starting: cbad57540a2481f2ad49ce229e60b041fcb16cdbe54015b0e38a350b5fd9fa4d
08:15:00.951 [main] INFO tc.testcontainers/ryuk:0.7.0 -- Container testcontainers/ryuk:0.7.0 started in PT0.629814842S
08:15:00.956 [main] INFO org.testcontainers.utility.RyukResourceReaper -- Ryuk started - will monitor and terminate Testcontainers containers on JVM exit
08:15:00.957 [main] INFO org.testcontainers.DockerClientFactory -- Checking the system...
08:15:00.957 [main] INFO org.testcontainers.DockerClientFactory -- ✔︎ Docker server version should be at least 1.6.0
08:15:00.958 [main] INFO tc.postgres:16 -- Creating container for image: postgres:16
08:15:01.065 [main] INFO tc.postgres:16 -- Container postgres:16 is starting: 62435dac7f90140f5a954ba25e25d58cede8f13fa32be27569d18de68050f1d5
08:15:02.776 [main] INFO tc.postgres:16 -- Container postgres:16 started in PT1.817713066S
08:15:02.777 [main] INFO tc.postgres:16 -- Container is started (JDBC URL: jdbc:postgresql://localhost:32954/hivemem?loggerLevel=OFF)

  .   ____          _            __ _ _
 /\\ / ___'_ __ _ _(_)_ __  __ _ \ \ \ \
( ( )\___ | '_ | '_| | '_ \/ _` | \ \ \ \
 \\/  ___)| |_)| | | | | || (_| |  ) ) ) )
  '  |____| .__|_| |_|_| |_\__, | / / / /
 =========|_|==============|___/=/_/_/_/

 :: Spring Boot ::                (v3.3.5)

2026-04-13T08:15:03.179+02:00  INFO 1434788 --- [hivemem-java] [           main] c.h.t.write.WriteToolsIntegrationTest    : Starting WriteToolsIntegrationTest using Java 21.0.10 with PID 1434788 (started by root in /root/mempalace/java-server)
2026-04-13T08:15:03.181+02:00  INFO 1434788 --- [hivemem-java] [           main] c.h.t.write.WriteToolsIntegrationTest    : The following 1 profile is active: "test"
2026-04-13T08:15:04.636+02:00  INFO 1434788 --- [hivemem-java] [           main] com.zaxxer.hikari.HikariDataSource       : HikariPool-1 - Starting...
2026-04-13T08:15:04.907+02:00  INFO 1434788 --- [hivemem-java] [           main] com.zaxxer.hikari.pool.HikariPool        : HikariPool-1 - Added connection org.postgresql.jdbc.PgConnection@2b35c7aa
2026-04-13T08:15:04.910+02:00  INFO 1434788 --- [hivemem-java] [           main] com.zaxxer.hikari.HikariDataSource       : HikariPool-1 - Start completed.
2026-04-13T08:15:04.954+02:00  INFO 1434788 --- [hivemem-java] [           main] org.flywaydb.core.FlywayExecutor         : Database: jdbc:postgresql://localhost:32954/hivemem (PostgreSQL 16.13)
2026-04-13T08:15:04.992+02:00  INFO 1434788 --- [hivemem-java] [           main] o.f.c.i.s.JdbcTableSchemaHistory         : Schema history table "public"."flyway_schema_history" does not exist yet
2026-04-13T08:15:04.996+02:00  INFO 1434788 --- [hivemem-java] [           main] o.f.core.internal.command.DbValidate     : Successfully validated 4 migrations (execution time 00:00.019s)
2026-04-13T08:15:05.013+02:00  INFO 1434788 --- [hivemem-java] [           main] o.f.c.i.s.JdbcTableSchemaHistory         : Creating Schema History table "public"."flyway_schema_history" ...
2026-04-13T08:15:05.085+02:00  INFO 1434788 --- [hivemem-java] [           main] o.f.core.internal.command.DbMigrate      : Current version of schema "public": << Empty Schema >>
2026-04-13T08:15:05.095+02:00  INFO 1434788 --- [hivemem-java] [           main] o.f.core.internal.command.DbMigrate      : Migrating schema "public" to version "0001 - baseline"
2026-04-13T08:15:05.143+02:00  INFO 1434788 --- [hivemem-java] [           main] o.f.core.internal.command.DbMigrate      : Migrating schema "public" to version "0002 - read tool slice"
2026-04-13T08:15:05.188+02:00  INFO 1434788 --- [hivemem-java] [           main] o.f.core.internal.command.DbMigrate      : Migrating schema "public" to version "0003 - read tool remaining"
2026-04-13T08:15:05.229+02:00  INFO 1434788 --- [hivemem-java] [           main] o.f.core.internal.command.DbMigrate      : Migrating schema "public" to version "0004 - search and admin"
2026-04-13T08:15:05.255+02:00  INFO 1434788 --- [hivemem-java] [           main] o.f.core.internal.command.DbMigrate      : Successfully applied 4 migrations to schema "public", now at version v0004 (execution time 00:00.071s)
2026-04-13T08:15:06.861+02:00  INFO 1434788 --- [hivemem-java] [           main] o.s.b.t.m.w.SpringBootMockServletContext : Initializing Spring TestDispatcherServlet ''
2026-04-13T08:15:06.861+02:00  INFO 1434788 --- [hivemem-java] [           main] o.s.t.web.servlet.TestDispatcherServlet  : Initializing Servlet ''
2026-04-13T08:15:06.862+02:00  INFO 1434788 --- [hivemem-java] [           main] o.s.t.web.servlet.TestDispatcherServlet  : Completed initialization in 1 ms
2026-04-13T08:15:06.930+02:00  INFO 1434788 --- [hivemem-java] [           main] c.h.t.write.WriteToolsIntegrationTest    : Started WriteToolsIntegrationTest in 4.11 seconds (process running for 8.354)
2026-04-13T08:15:07.771+02:00  INFO 1434788 --- [hivemem-java] [           main] org.jooq.Constants                       : 
                                      
@@@@@@@@@@@@@@@@@@@@@@@@@@@@@@@@@@@@@@
@@@@@@@@@@@@@@@@@@@@@@@@@@@@@@@@@@@@@@
@@@@@@@@@@@@@@@@  @@        @@@@@@@@@@
@@@@@@@@@@@@@@@@@@@@        @@@@@@@@@@
@@@@@@@@@@@@@@@@  @@  @@    @@@@@@@@@@
@@@@@@@@@@  @@@@  @@  @@    @@@@@@@@@@
@@@@@@@@@@        @@        @@@@@@@@@@
@@@@@@@@@@@@@@@@@@@@@@@@@@@@@@@@@@@@@@
@@@@@@@@@@@@@@@@@@@@@@@@@@@@@@@@@@@@@@
@@@@@@@@@@        @@        @@@@@@@@@@
@@@@@@@@@@    @@  @@  @@@@  @@@@@@@@@@
@@@@@@@@@@    @@  @@  @@@@  @@@@@@@@@@
@@@@@@@@@@        @@  @  @  @@@@@@@@@@
@@@@@@@@@@        @@        @@@@@@@@@@
@@@@@@@@@@@@@@@@@@@@@@@  @@@@@@@@@@@@@
@@@@@@@@@@@@@@@@@@@@@@@@@@@@@@@@@@@@@@
@@@@@@@@@@@@@@@@@@@@@@@@@@@@@@@@@@@@@@  Thank you for using jOOQ 3.19.14 (Build date: 2024-10-21T06:13:07Z)
                                      
2026-04-13T08:15:07.772+02:00  INFO 1434788 --- [hivemem-java] [           main] org.jooq.Constants                       : 

jOOQ tip of the day: You don't have to register your Converters or Bindings with the code generator. You can use ad-hoc converters on any Field expression: https://www.jooq.org/doc/latest/manual/sql-execution/fetching/ad-hoc-converter/

2026-04-13T08:15:07.809+02:00  INFO 1434788 --- [hivemem-java] [           main] o.j.i.D.logVersionSupport                : Version                  : Database version is supported by dialect POSTGRES: 16.13 (Debian 16.13-1.pgdg13+1)
]]></system-out>
    <system-err><![CDATA[WARNING: A Java agent has been loaded dynamically (/root/.m2/repository/net/bytebuddy/byte-buddy-agent/1.14.19/byte-buddy-agent-1.14.19.jar)
WARNING: If a serviceability tool is in use, please run with -XX:+EnableDynamicAgentLoading to hide this warning
WARNING: If a serviceability tool is not in use, please run with -Djdk.instrument.traceUsage for more information
WARNING: Dynamic loading of agents will be disallowed by default in a future release
]]></system-err>
  </testcase>
  <testcase name="agentRevisingFactForcesPendingNewRow" classname="com.hivemem.tools.write.WriteToolsIntegrationTest" time="0.052"/>
  <testcase name="checkContradictionReturnsOnlyConflictingActiveFact" classname="com.hivemem.tools.write.WriteToolsIntegrationTest" time="0.042"/>
  <testcase name="revisingConflictingFactRemovesOldObjectFromContradictionCheck" classname="com.hivemem.tools.write.WriteToolsIntegrationTest" time="0.03"/>
  <testcase name="checkDuplicateFindsNearDuplicateDrawers" classname="com.hivemem.tools.write.WriteToolsIntegrationTest" time="0.058"/>
  <testcase name="writerCanReviseCommittedFactAndPreserveFactHistory" classname="com.hivemem.tools.write.WriteToolsIntegrationTest" time="0.044"/>
  <testcase name="writerCanUpsertIdentityAndPersistTokenCount" classname="com.hivemem.tools.write.WriteToolsIntegrationTest" time="0.025"/>
  <testcase name="malformedOrBlankRequiredArgsAreRejected" classname="com.hivemem.tools.write.WriteToolsIntegrationTest" time="0.02"/>
  <testcase name="writerCanAddCommittedFactAndSeeItInActiveFacts" classname="com.hivemem.tools.write.WriteToolsIntegrationTest" time="0.029"/>
  <testcase name="invalidApproveDecisionReturnsInvalidParams" classname="com.hivemem.tools.write.WriteToolsIntegrationTest" time="0.019"/>
  <testcase name="writerCanAppendBlueprintsAndClosePreviousVersion" classname="com.hivemem.tools.write.WriteToolsIntegrationTest" time="0.045"/>
  <testcase name="agentAddTunnelForcesPendingAndRemoveTunnelClosesIt" classname="com.hivemem.tools.write.WriteToolsIntegrationTest" time="0.048"/>
  <testcase name="writerCanAddDrawerWithEmbeddingAndProgressiveLayers" classname="com.hivemem.tools.write.WriteToolsIntegrationTest" time="0.032"/>
  <testcase name="writerCanRegisterAgentAndWriteDiaryEntries" classname="com.hivemem.tools.write.WriteToolsIntegrationTest" time="0.036"/>
  <testcase name="writerCanReviseDrawerAndPreserveDrawerHistory" classname="com.hivemem.tools.write.WriteToolsIntegrationTest" time="0.034"/>
  <testcase name="kgInvalidateRemovesFactFromActiveAndSearchPaths" classname="com.hivemem.tools.write.WriteToolsIntegrationTest" time="0.033"/>
  <testcase name="adminApprovePendingCommitsPendingRowsAcrossTables" classname="com.hivemem.tools.write.WriteToolsIntegrationTest" time="0.037"/>
  <testcase name="agentKgAddForcesPendingAndShowsInPendingApprovals" classname="com.hivemem.tools.write.WriteToolsIntegrationTest" time="0.028"/>
  <testcase name="nonAdminCannotApprovePending" classname="com.hivemem.tools.write.WriteToolsIntegrationTest" time="0.015"/>
  <testcase name="writerCanAddReferenceAndLinkItToDrawer" classname="com.hivemem.tools.write.WriteToolsIntegrationTest" time="0.038"/>
  <testcase name="adminCanLogAccessRefreshPopularityAndCheckHealth" classname="com.hivemem.tools.write.WriteToolsIntegrationTest" time="0.049"/>
</testsuite>